<?xml version="1.0" encoding="utf-8"?><testsuites name="pytest tests"><testsuite name="pytest" errors="0" failures="0" skipped="0" tests="11" time="30.557" timestamp="2026-03-26T17:19:59.486639+00:00" hostname="agent-env-c5244366-1535-49a9-8fe8-35570ed074df"><testcase classname="tests.test_cart_and_ai_campaigns.TestHealthAndBasics" name="test_api_health" time="0.209" /><testcase classname="tests.test_cart_and_ai_campaigns.TestHealthAndBasics" name="test_products_endpoint" time="0.420" /><testcase classname="tests.test_cart_and_ai_campaigns.TestAICampaignsAPI" name="test_config_status_returns_ai_ready" time="0.117" /><testcase classname="tests.test_cart_and_ai_campaigns.TestAICampaignsAPI" name="test_products_for_campaigns" time="0.323" /><testcase classname="tests.test_cart_and_ai_campaigns.TestAICampaignsAPI" name="test_generate_campaign_single_platform" time="5.681" /><testcase classname="tests.test_cart_and_ai_campaigns.TestAICampaignsAPI" name="test_generate_campaign_multiple_platforms" time="21.011" /><testcase classname="tests.test_cart_and_ai_campaigns.TestAICampaignsAPI" name="test_campaign_history" time="0.386" /><testcase classname="tests.test_cart_and_ai_campaigns.TestAdminLogin" name="test_admin_login_success" time="0.145" /><testcase classname="tests.test_cart_and_ai_campaigns.TestAdminLogin" name="test_admin_login_wrong_password" time="0.119" /><testcase classname="tests.test_cart_and_ai_campaigns.TestCartRelatedAPIs" name="test_checkout_started_endpoint" time="1.700" /><testcase classname="tests.test_cart_and_ai_campaigns.TestCartRelatedAPIs" name="test_discount_validate_endpoint" time="0.380" /></testsuite></testsuites>